<?xml version="1.0" encoding="UTF-8"?>
<!-- Generated by org.testng.reporters.JUnitXMLReporter -->
<testsuite ignored="0" hostname="DESKTOP-4NU9KSS" failures="3" tests="7" name="test" time="114.247" errors="0" timestamp="2025-10-04T23:51:15 IST">
  <testcase classname="testcases.Tc_001AccountRegistrationtest" name="Testregistration" time="2.368"/>
  <testcase classname="testcases.Tc_002Accountlogin" name="testlogin" time="1.527"/>
  <testcase classname="testcases.Tc_003Logindatadriventestcase" name="login" time="2.396"/>
  <testcase classname="testcases.Tc_003Logindatadriventestcase" name="login" time="31.254">
    <failure type="java.lang.AssertionError" message="expected [true] but found [false]">
      <![CDATA[java.lang.AssertionError: expected [true] but found [false]
at testcases.Tc_003Logindatadriventestcase.login(Tc_003Logindatadriventestcase.java:51)
at java.base/java.util.ArrayList.forEach(ArrayList.java:1596)
... Removed 29 stack frames]]>
    </failure>
  </testcase> <!-- login -->
  <testcase classname="testcases.Tc_003Logindatadriventestcase" name="login" time="30.694">
    <failure type="java.lang.AssertionError" message="expected [true] but found [false]">
      <![CDATA[java.lang.AssertionError: expected [true] but found [false]
at testcases.Tc_003Logindatadriventestcase.login(Tc_003Logindatadriventestcase.java:51)
at java.base/java.util.ArrayList.forEach(ArrayList.java:1596)
... Removed 29 stack frames]]>
    </failure>
  </testcase> <!-- login -->
  <testcase classname="testcases.Tc_003Logindatadriventestcase" name="login" time="30.667">
    <failure type="java.lang.AssertionError" message="expected [true] but found [false]">
      <![CDATA[java.lang.AssertionError: expected [true] but found [false]
at testcases.Tc_003Logindatadriventestcase.login(Tc_003Logindatadriventestcase.java:51)
at java.base/java.util.ArrayList.forEach(ArrayList.java:1596)
... Removed 29 stack frames]]>
    </failure>
  </testcase> <!-- login -->
  <testcase classname="testcases.Tc_003Logindatadriventestcase" name="login" time="1.646"/>
</testsuite> <!-- test -->
